Run cd services/frontend

====================================
Loading svelte-check in workspace: /home/runner/work/study/study/services/frontend
Getting Svelte diagnostics...

/home/runner/work/study/study/services/frontend/src/lib/utils/stream/streamCell.svelte:29:3
Error: Type 'string | number | null' is not assignable to type 'number | null'.
  Type 'string' is not assignable to type 'number'. (ts)

		currentSecurityId = instance.securityId ?? null;



/home/runner/work/study/study/services/frontend/src/lib/utils/popups/rightClick.svelte:210:8
Error: Argument of type 'string | number' is not assignable to parameter of type 'number'.
  Type 'string' is not assignable to type 'number'. (ts)
							$rightClickQuery.instance.price || 0,
							$rightClickQuery.instance.securityId || 0
						)}>Add Horizontal Line {$rightClickQuery.instance.price?.toFixed(2)}</button


/home/runner/work/study/study/services/frontend/src/lib/utils/popups/rightClick.svelte:244:34
Error: Property 'flagged' does not exist on type 'Instance'. (ts)
				<button class="wide-button" on:click={() => flagSecurity($rightClickQuery.instance)}
					>{$rightClickQuery.instance.flagged ? 'Unflag' : 'Flag'}</button
				>


/home/runner/work/study/study/services/frontend/src/lib/utils/modules/entry.svelte:216:4
Error: 'editor' is possibly 'undefined'. (ts)

			editor.on('text-change', () => {
				debounceSave();


/home/runner/work/study/study/services/frontend/src/lib/features/newsfeed.svelte:49:4
Error: Type 'string | number' is not assignable to type 'number | null'.
  Type 'string' is not assignable to type 'number'. (ts)
			currentTicker = chartInstance.ticker;
			currentSecurityId = chartInstance.securityId;



/home/runner/work/study/study/services/frontend/src/lib/features/test.svelte:16:10
Error: Property 'price' does not exist on type 'string'. (ts)
<div style="margin-left:10px;">
	{$store.price}
</div>


/home/runner/work/study/study/services/frontend/src/lib/features/tickerfilings.svelte:31:5
Error: Type 'string | number' is not assignable to type 'number | null'.
  Type 'string' is not assignable to type 'number'. (ts)
				currentTicker = chartInstance.ticker;
				currentSecurityId = chartInstance.securityId;
				fetchFilings();


/home/runner/work/study/study/services/frontend/src/lib/features/alerts/alert.svelte:10:16
Error: Module '"./interface"' declares 'Alert' locally, but it is not exported. (ts)
	import { activeAlerts, inactiveAlerts, alertLogs } from '$lib/core/stores';
	import { type Alert, type AlertLog, newAlert, newPriceAlert } from './interface';
	let selectedAlertType = writable<string>('price');


/home/runner/work/study/study/services/frontend/src/lib/features/alerts/alert.svelte:10:28
Error: Module '"./interface"' has no exported member 'AlertLog'. (ts)
	import { activeAlerts, inactiveAlerts, alertLogs } from '$lib/core/stores';
	import { type Alert, type AlertLog, newAlert, newPriceAlert } from './interface';
	let selectedAlertType = writable<string>('price');


/home/runner/work/study/study/services/frontend/src/lib/features/alerts/alert.svelte:39:4
Error: Left side of comma operator is unused and has no side effects. (ts)
			//price?
			'inst', inst;
			newPriceAlert(inst);


/home/runner/work/study/study/services/frontend/src/lib/features/alerts/alert.svelte:46:5
Error: Type 'null' is not assignable to type 'number | undefined'. (ts)
				alertType: 'setup',
				price: null, // No price for setup alerts
				securityId: null // No securityId for setup alerts


/home/runner/work/study/study/services/frontend/src/lib/features/alerts/alert.svelte:47:5
Error: Type 'null' is not assignable to type 'string | number | undefined'. (ts)
				price: null, // No price for setup alerts
				securityId: null // No securityId for setup alerts
			});


/home/runner/work/study/study/services/frontend/src/lib/features/alerts/alert.svelte:63:37
Error: 'currentLogs' is possibly 'undefined'. (ts)
	function deleteAlertLog(alertLog: AlertLog) {
		alertLogs.update((currentLogs) => currentLogs.filter((log) => log !== alertLog));
	}


/home/runner/work/study/study/services/frontend/src/lib/features/alerts/alert.svelte:106:2
Error: Type 'Writable<Alert[] | undefined>' is not assignable to type 'Writable<ExtendedInstance[]>'.
  Type 'Alert[] | undefined' is not assignable to type 'ExtendedInstance[]'.
    Type 'undefined' is not assignable to type 'ExtendedInstance[]'. (ts)
	}}
	list={activeAlerts}
	columns={['Alert Type', 'Ticker', 'Alert Price']}


/home/runner/work/study/study/services/frontend/src/lib/features/alerts/alert.svelte:117:2
Error: Type 'Writable<Alert[] | undefined>' is not assignable to type 'Writable<ExtendedInstance[]>'.
  Type 'Alert[] | undefined' is not assignable to type 'ExtendedInstance[]'.
    Type 'undefined' is not assignable to type 'ExtendedInstance[]'. (ts)
	}}
	list={inactiveAlerts}
	columns={['Alert Type', 'Ticker', 'Alert Price']}


/home/runner/work/study/study/services/frontend/src/lib/features/alerts/alert.svelte:128:2
Error: Type 'Writable<AlertLog[] | undefined>' is not assignable to type 'Writable<ExtendedInstance[]>'.
  Type 'AlertLog[] | undefined' is not assignable to type 'ExtendedInstance[]'.
    Type 'undefined' is not assignable to type 'ExtendedInstance[]'. (ts)
	}}
	list={alertLogs}
	columns={['Ticker', 'Timestamp', 'Alert Type']}


/home/runner/work/study/study/services/frontend/src/lib/features/chart/chart.svelte:360:7
Error: Type 'string | number | undefined' is not assignable to type 'number | undefined'.
  Type 'string' is not assignable to type 'number'. (ts)
						chartCandleSeries: chartCandleSeries,
						securityId: inst.securityId
					}));


/home/runner/work/study/study/services/frontend/src/lib/features/chart/chart.svelte:386:30
Error: 'inst.bars' is possibly 'undefined'. (ts)
				}
				if (barDataList.length < inst.bars) {
					if (inst.direction == 'backward') {


/home/runner/work/study/study/services/frontend/src/lib/features/quotes/l1.svelte:50:3
Error: Type 'string | number' is not assignable to type 'number | null'.
  Type 'string' is not assignable to type 'number'. (ts)

		currentSecurityId = inst.securityId;
		release();


/home/runner/work/study/study/services/frontend/src/lib/features/quotes/timeAndSales.svelte:68:3
Error: Type 'string | number' is not assignable to type 'number | null'.
  Type 'string' is not assignable to type 'number'. (ts)
		if (!instance.securityId || instance.securityId === prevSecId) return;
		currentSecurityId = instance.securityId;
		// Release previous streams


/home/runner/work/study/study/services/frontend/src/lib/features/quotes/timeAndSales.svelte:80:3
Error: Type 'string | number' is not assignable to type 'number'.
  Type 'string' is not assignable to type 'number'. (ts)

		prevSecId = instance.securityId ?? -1;
	});


/home/runner/work/study/study/services/frontend/src/lib/features/quotes/quote.svelte:43:5
Error: Type 'string | number' is not assignable to type 'number | null'.
  Type 'string' is not assignable to type 'number'. (ts)
				console.log('Quote component: Fetching details for security ID:', chartInstance.securityId);
				lastFetchedSecurityId = chartInstance.securityId;
				privateRequest<Record<string, any>>(


/home/runner/work/study/study/services/frontend/src/lib/features/setups/setups.svelte:36:29
Error: Argument of type '(v: SetupEvent) => void' is not assignable to parameter of type 'Subscriber<SetupEvent>'.
  Types of parameters 'v' and 'value' are incompatible.
    Type 'SetupEvent' is not assignable to type 'SetupEvent'. Two different types with this name exist, but they are unrelated.
      Type 'number' is not assignable to type 'SetupEvent'. (ts)
	onMount(() => {
		eventDispatcher.subscribe((v: SetupEvent) => {
			if (v === 'new') {


/home/runner/work/study/study/services/frontend/src/lib/features/setups/setups.svelte:60:3
Error: Type 'null' is not assignable to type 'SetupId'. (ts)
	function cancelEdit() {
		selectedSetupId = null;
		editedSetup = null;


/home/runner/work/study/study/services/frontend/src/lib/features/setups/setups.svelte:61:3
Error: Type 'null' is not assignable to type 'EditableSetup'. (ts)
		selectedSetupId = null;
		editedSetup = null;
		eventDispatcher.set('cancel');


/home/runner/work/study/study/services/frontend/src/lib/features/setups/setups.svelte:94:4
Error: Type 'null' is not assignable to type 'SetupId'. (ts)
			});
			selectedSetupId = null;
		});


/home/runner/work/study/study/services/frontend/src/lib/features/setups/setups.svelte:99:42
Error: Argument of type 'EditableSetup' is not assignable to parameter of type 'Record<string, unknown>'.
  Index signature for type 'string' is missing in type 'EditableSetup'. (ts)
		if (selectedSetupId === 'new') {
			privateRequest<CoreSetup>('newSetup', editedSetup).then((s: CoreSetup) => {
				setups.update((o: CoreSetup[]) => [...o, s]);


/home/runner/work/study/study/services/frontend/src/lib/features/setups/setups.svelte:105:37
Error: Argument of type 'EditableSetup' is not assignable to parameter of type 'Record<string, unknown>'.
  Index signature for type 'string' is missing in type 'EditableSetup'. (ts)
		} else {
			privateRequest<void>('setSetup', editedSetup).then(() => {
				setups.update((currentSetups: CoreSetup[]) =>


/home/runner/work/study/study/services/frontend/src/lib/features/setups/setups.svelte:106:19
Error: Argument of type '(currentSetups: CoreSetup[]) => EditableSetup[]' is not assignable to parameter of type 'Updater<Setup[]>'.
  Type 'EditableSetup[]' is not assignable to type 'Setup[]'.
    Type 'EditableSetup' is not assignable to type 'Setup'.
      Types of property 'setupId' are incompatible.
        Type 'SetupId' is not assignable to type 'number'.
          Type 'string' is not assignable to type 'number'. (ts)
			privateRequest<void>('setSetup', editedSetup).then(() => {
				setups.update((currentSetups: CoreSetup[]) =>
					currentSetups.map((s) => (s.setupId === editedSetup.setupId ? editedSetup : s))
				);


/home/runner/work/study/study/services/frontend/src/lib/features/setups/setups.svelte:178:3
Error: Type 'EditableSetup' is not assignable to type 'Setup'.
  Types of property 'setupId' are incompatible.
    Type 'SetupId' is not assignable to type 'number'.
      Type 'string' is not assignable to type 'number'. (ts)
		}}
		setup={trainingSetup}
	/>


/home/runner/work/study/study/services/frontend/src/lib/features/similar/similar.svelte:58:3
Error: Left side of comma operator is unused and has no side effects. (ts)
		// Optional: Implement delete functionality if needed
		'Delete:', instance;
	}


/home/runner/work/study/study/services/frontend/src/lib/utils/modules/header.svelte:15:22
Error: Parameter 'page' implicitly has an 'any' type. (js)

	function navigateTo(page) {
		goto(page);


/home/runner/work/study/study/services/frontend/src/lib/utils/popups/alertPopup.svelte:12:60
Error: Expected 1 arguments, but got 0. (ts)
	{#if $alertPopup}
		<div class="alert-popup" transition:fade on:click={() => dismissAlert()}>
			<div class="alert-content">


/home/runner/work/study/study/services/frontend/src/lib/utils/popups/sample.svelte:29:53
Error: Cannot find name 'User'. (ts)
		return new Promise<Setup | 'new'>((resolve, reject) => {
			const unsubscribe = userSetupMenu.subscribe((iQ: User) => {
				iQ;


/home/runner/work/study/study/services/frontend/src/lib/utils/popups/sample.svelte:33:6
Error: Cannot find name 'tick'. (ts)
					deactivate();
					tick();
					reject();


/home/runner/work/study/study/services/frontend/src/lib/utils/popups/sample.svelte:43:5
Error: Cannot find name 'inputQuery'. (ts)
				unsubscribe();
				inputQuery.update((v: InputQuery) => {
					v.status = 'shutdown';


/home/runner/work/study/study/services/frontend/src/lib/utils/popups/sample.svelte:43:27
Error: Cannot find name 'InputQuery'. (ts)
				unsubscribe();
				inputQuery.update((v: InputQuery) => {
					v.status = 'shutdown';


/home/runner/work/study/study/services/frontend/src/lib/utils/popups/sample.svelte:155:19
Error: Argument of type 'string' is not assignable to parameter of type 'Setup'. (ts)
							on:click={() => {
								closeMenu('new');
							}}


====================================
svelte-check found 38 errors and 78 warnings in 27 files

Error:
Error: jobs/securitiesTable.go:34:6: func logAction is unused (U1000)
Error: jobs/securitiesTable.go:50:6: func validateTickerString is unused (U1000)
Error: jobs/securitiesTable.go:70:6: func diff is unused (U1000)
Error: jobs/securitiesTable.go:112:6: func dataExists is unused (U1000)
Error: jobs/securitiesTable.go:137:6: func toFilteredMap is unused (U1000)
Error: jobs/securitiesTable.go:151:6: func contains is unused (U1000)
Error: jobs/securitiesTable.go:164:6: func updateSecurities is unused (U1000)
Error: jobs/securitiesTable.go:402:6: this value of err is never used (SA4006)
Error: jobs/securitiesTable.go:442:3: this value of yesterdayDateString is never used (SA4006)
Error: jobs/securitiesTable.go:633:3: empty branch (SA9003)
Error: tasks/alerts.go:125:3: this value of err is never used (SA4006)
Error: tasks/chart.go:497:3: this value of currentDayStart is never used (SA4006)
Error: tasks/chart.go:958:6: func max is unused (U1000)
Error: tasks/chart.go:965:6: func min is unused (U1000)
Error: tasks/chartevents.go:194:20: error strings should not be capitalized (ST1005)
Error: tasks/setups.go:10:1: comment on exported type SetupResult should be of the form "SetupResult ..." (with optional leading article) (ST1021)
Error: utils/chartHelpers.go:43:2: this value of err is never used (SA4006)
Error: utils/edgar.go:148:6: func fetchEdgarFilings is unused (U1000)
Error: utils/edgar.go:184:6: func fetchEdgarFilingsTickerPage is unused (U1000)
Error: utils/edgar.go:326:6: func fetchCIKFromSEC is unused (U1000)
Error: utils/edgar.go:540:6: func parseFilingDate is unused (U1000)
Error: utils/queue.go:26:6: type queueResponse is unused (U1000)
Error: utils/quote.go:43:6: type silentLogger is unused (U1000)
Error: utils/quote.go:45:24: func (*silentLogger).Printf is unused (U1000)
Error: utils/quote.go:48:6: func configurePolygonClient is unused (U1000)
Error: utils/time.go:145:6: func getStartOfTimeWindow is unused (U1000)
Error: jobs/securitiesTable.go:34:6: func logAction is unused (U1000)
Error: jobs/securitiesTable.go:50:6: func validateTickerString is unused (U1000)
Error: jobs/securitiesTable.go:70:6: func diff is unused (U1000)
Error: jobs/securitiesTable.go:112:6: func dataExists is unused (U1000)
Error: jobs/securitiesTable.go:137:6: func toFilteredMap is unused (U1000)
Error: jobs/securitiesTable.go:151:6: func contains is unused (U1000)
Error: jobs/securitiesTable.go:164:6: func updateSecurities is unused (U1000)
Error: jobs/securitiesTable.go:633:3: empty branch (SA9003)
Error: tasks/chart.go:958:6: func max is unused (U1000)
Error: tasks/chart.go:965:6: func min is unused (U1000)
Error: tasks/chartevents.go:194:20: error strings should not be capitalized (ST1005)
Error: tasks/setups.go:10:1: comment on exported type SetupResult should be of the form "SetupResult ..." (with optional leading article) (ST1021)
Error: utils/edgar.go:148:6: func fetchEdgarFilings is unused (U1000)
Error: utils/edgar.go:184:6: func fetchEdgarFilingsTickerPage is unused (U1000)
Error: utils/edgar.go:326:6: func fetchCIKFromSEC is unused (U1000)
Error: utils/edgar.go:540:6: func parseFilingDate is unused (U1000)
Error: utils/queue.go:26:6: type queueResponse is unused (U1000)
Error: utils/quote.go:43:6: type silentLogger is unused (U1000)
Error: utils/quote.go:45:24: func (*silentLogger).Printf is unused (U1000)
Error: utils/quote.go:48:6: func configurePolygonClient is unused (U1000)
Error: utils/time.go:145:6: func getStartOfTimeWindow is unused (U1000)
Error: Process completed with exit code 1.